[05-Sep-2017 18:23:14 UTC] PHP Warning:  Missing argument 1 for displaySymbol(), called in /home/ubuntu/workspace/lcraig/labs/lab2/index.php on line 26 and defined in /home/ubuntu/workspace/lcraig/labs/lab2/index.php on line 10
[05-Sep-2017 18:23:14 UTC] PHP Stack trace:
[05-Sep-2017 18:23:14 UTC] PHP   1. {main}() /home/ubuntu/workspace/lcraig/labs/lab2/index.php:0
[05-Sep-2017 18:23:14 UTC] PHP   2. displaySymbol() /home/ubuntu/workspace/lcraig/labs/lab2/index.php:26
[05-Sep-2017 18:25:11 UTC] PHP Warning:  Missing argument 1 for displaySymbol(), called in /home/ubuntu/workspace/lcraig/labs/lab2/index.php on line 26 and defined in /home/ubuntu/workspace/lcraig/labs/lab2/index.php on line 10
[05-Sep-2017 18:25:11 UTC] PHP Stack trace:
[05-Sep-2017 18:25:11 UTC] PHP   1. {main}() /home/ubuntu/workspace/lcraig/labs/lab2/index.php:0
[05-Sep-2017 18:25:11 UTC] PHP   2. displaySymbol() /home/ubuntu/workspace/lcraig/labs/lab2/index.php:26
[05-Sep-2017 18:25:11 UTC] PHP Warning:  Missing argument 1 for displaySymbol(), called in /home/ubuntu/workspace/lcraig/labs/lab2/index.php on line 27 and defined in /home/ubuntu/workspace/lcraig/labs/lab2/index.php on line 10
[05-Sep-2017 18:25:11 UTC] PHP Stack trace:
[05-Sep-2017 18:25:11 UTC] PHP   1. {main}() /home/ubuntu/workspace/lcraig/labs/lab2/index.php:0
[05-Sep-2017 18:25:11 UTC] PHP   2. displaySymbol() /home/ubuntu/workspace/lcraig/labs/lab2/index.php:27
[05-Sep-2017 18:25:11 UTC] PHP Warning:  Missing argument 1 for displaySymbol(), called in /home/ubuntu/workspace/lcraig/labs/lab2/index.php on line 28 and defined in /home/ubuntu/workspace/lcraig/labs/lab2/index.php on line 10
[05-Sep-2017 18:25:11 UTC] PHP Stack trace:
[05-Sep-2017 18:25:11 UTC] PHP   1. {main}() /home/ubuntu/workspace/lcraig/labs/lab2/index.php:0
[05-Sep-2017 18:25:11 UTC] PHP   2. displaySymbol() /home/ubuntu/workspace/lcraig/labs/lab2/index.php:28
[05-Sep-2017 18:25:40 UTC] PHP Warning:  Missing argument 1 for displaySymbol(), called in /home/ubuntu/workspace/lcraig/labs/lab2/index.php on line 26 and defined in /home/ubuntu/workspace/lcraig/labs/lab2/index.php on line 10
[05-Sep-2017 18:25:40 UTC] PHP Stack trace:
[05-Sep-2017 18:25:40 UTC] PHP   1. {main}() /home/ubuntu/workspace/lcraig/labs/lab2/index.php:0
[05-Sep-2017 18:25:40 UTC] PHP   2. displaySymbol() /home/ubuntu/workspace/lcraig/labs/lab2/index.php:26
[05-Sep-2017 18:25:40 UTC] PHP Warning:  Missing argument 1 for displaySymbol(), called in /home/ubuntu/workspace/lcraig/labs/lab2/index.php on line 27 and defined in /home/ubuntu/workspace/lcraig/labs/lab2/index.php on line 10
[05-Sep-2017 18:25:40 UTC] PHP Stack trace:
[05-Sep-2017 18:25:40 UTC] PHP   1. {main}() /home/ubuntu/workspace/lcraig/labs/lab2/index.php:0
[05-Sep-2017 18:25:40 UTC] PHP   2. displaySymbol() /home/ubuntu/workspace/lcraig/labs/lab2/index.php:27
[05-Sep-2017 18:25:40 UTC] PHP Warning:  Missing argument 1 for displaySymbol(), called in /home/ubuntu/workspace/lcraig/labs/lab2/index.php on line 28 and defined in /home/ubuntu/workspace/lcraig/labs/lab2/index.php on line 10
[05-Sep-2017 18:25:40 UTC] PHP Stack trace:
[05-Sep-2017 18:25:40 UTC] PHP   1. {main}() /home/ubuntu/workspace/lcraig/labs/lab2/index.php:0
[05-Sep-2017 18:25:40 UTC] PHP   2. displaySymbol() /home/ubuntu/workspace/lcraig/labs/lab2/index.php:28
[05-Sep-2017 18:25:46 UTC] PHP Warning:  Missing argument 1 for displaySymbol(), called in /home/ubuntu/workspace/lcraig/labs/lab2/index.php on line 26 and defined in /home/ubuntu/workspace/lcraig/labs/lab2/index.php on line 10
[05-Sep-2017 18:25:46 UTC] PHP Stack trace:
[05-Sep-2017 18:25:46 UTC] PHP   1. {main}() /home/ubuntu/workspace/lcraig/labs/lab2/index.php:0
[05-Sep-2017 18:25:46 UTC] PHP   2. displaySymbol() /home/ubuntu/workspace/lcraig/labs/lab2/index.php:26
[05-Sep-2017 18:25:46 UTC] PHP Warning:  Missing argument 1 for displaySymbol(), called in /home/ubuntu/workspace/lcraig/labs/lab2/index.php on line 27 and defined in /home/ubuntu/workspace/lcraig/labs/lab2/index.php on line 10
[05-Sep-2017 18:25:46 UTC] PHP Stack trace:
[05-Sep-2017 18:25:46 UTC] PHP   1. {main}() /home/ubuntu/workspace/lcraig/labs/lab2/index.php:0
[05-Sep-2017 18:25:46 UTC] PHP   2. displaySymbol() /home/ubuntu/workspace/lcraig/labs/lab2/index.php:27
[05-Sep-2017 18:25:46 UTC] PHP Warning:  Missing argument 1 for displaySymbol(), called in /home/ubuntu/workspace/lcraig/labs/lab2/index.php on line 28 and defined in /home/ubuntu/workspace/lcraig/labs/lab2/index.php on line 10
[05-Sep-2017 18:25:46 UTC] PHP Stack trace:
[05-Sep-2017 18:25:46 UTC] PHP   1. {main}() /home/ubuntu/workspace/lcraig/labs/lab2/index.php:0
[05-Sep-2017 18:25:46 UTC] PHP   2. displaySymbol() /home/ubuntu/workspace/lcraig/labs/lab2/index.php:28
[05-Sep-2017 18:26:31 UTC] PHP Warning:  Missing argument 1 for displaySymbol(), called in /home/ubuntu/workspace/lcraig/labs/lab2/index.php on line 26 and defined in /home/ubuntu/workspace/lcraig/labs/lab2/index.php on line 10
[05-Sep-2017 18:26:31 UTC] PHP Stack trace:
[05-Sep-2017 18:26:31 UTC] PHP   1. {main}() /home/ubuntu/workspace/lcraig/labs/lab2/index.php:0
[05-Sep-2017 18:26:31 UTC] PHP   2. displaySymbol() /home/ubuntu/workspace/lcraig/labs/lab2/index.php:26
[05-Sep-2017 18:26:31 UTC] PHP Warning:  Missing argument 1 for displaySymbol(), called in /home/ubuntu/workspace/lcraig/labs/lab2/index.php on line 27 and defined in /home/ubuntu/workspace/lcraig/labs/lab2/index.php on line 10
[05-Sep-2017 18:26:31 UTC] PHP Stack trace:
[05-Sep-2017 18:26:31 UTC] PHP   1. {main}() /home/ubuntu/workspace/lcraig/labs/lab2/index.php:0
[05-Sep-2017 18:26:31 UTC] PHP   2. displaySymbol() /home/ubuntu/workspace/lcraig/labs/lab2/index.php:27
[05-Sep-2017 18:26:31 UTC] PHP Warning:  Missing argument 1 for displaySymbol(), called in /home/ubuntu/workspace/lcraig/labs/lab2/index.php on line 28 and defined in /home/ubuntu/workspace/lcraig/labs/lab2/index.php on line 10
[05-Sep-2017 18:26:31 UTC] PHP Stack trace:
[05-Sep-2017 18:26:31 UTC] PHP   1. {main}() /home/ubuntu/workspace/lcraig/labs/lab2/index.php:0
[05-Sep-2017 18:26:31 UTC] PHP   2. displaySymbol() /home/ubuntu/workspace/lcraig/labs/lab2/index.php:28
[05-Sep-2017 18:28:04 UTC] PHP Warning:  Missing argument 1 for displaySymbol(), called in /home/ubuntu/workspace/lcraig/labs/lab2/index.php on line 26 and defined in /home/ubuntu/workspace/lcraig/labs/lab2/index.php on line 10
[05-Sep-2017 18:28:04 UTC] PHP Stack trace:
[05-Sep-2017 18:28:04 UTC] PHP   1. {main}() /home/ubuntu/workspace/lcraig/labs/lab2/index.php:0
[05-Sep-2017 18:28:04 UTC] PHP   2. displaySymbol() /home/ubuntu/workspace/lcraig/labs/lab2/index.php:26
[05-Sep-2017 18:28:04 UTC] PHP Warning:  Missing argument 1 for displaySymbol(), called in /home/ubuntu/workspace/lcraig/labs/lab2/index.php on line 27 and defined in /home/ubuntu/workspace/lcraig/labs/lab2/index.php on line 10
[05-Sep-2017 18:28:04 UTC] PHP Stack trace:
[05-Sep-2017 18:28:04 UTC] PHP   1. {main}() /home/ubuntu/workspace/lcraig/labs/lab2/index.php:0
[05-Sep-2017 18:28:04 UTC] PHP   2. displaySymbol() /home/ubuntu/workspace/lcraig/labs/lab2/index.php:27
[05-Sep-2017 18:28:04 UTC] PHP Warning:  Missing argument 1 for displaySymbol(), called in /home/ubuntu/workspace/lcraig/labs/lab2/index.php on line 28 and defined in /home/ubuntu/workspace/lcraig/labs/lab2/index.php on line 10
[05-Sep-2017 18:28:04 UTC] PHP Stack trace:
[05-Sep-2017 18:28:04 UTC] PHP   1. {main}() /home/ubuntu/workspace/lcraig/labs/lab2/index.php:0
[05-Sep-2017 18:28:04 UTC] PHP   2. displaySymbol() /home/ubuntu/workspace/lcraig/labs/lab2/index.php:28
[05-Sep-2017 18:28:10 UTC] PHP Warning:  Missing argument 1 for displaySymbol(), called in /home/ubuntu/workspace/lcraig/labs/lab2/index.php on line 26 and defined in /home/ubuntu/workspace/lcraig/labs/lab2/index.php on line 10
[05-Sep-2017 18:28:10 UTC] PHP Stack trace:
[05-Sep-2017 18:28:10 UTC] PHP   1. {main}() /home/ubuntu/workspace/lcraig/labs/lab2/index.php:0
[05-Sep-2017 18:28:10 UTC] PHP   2. displaySymbol() /home/ubuntu/workspace/lcraig/labs/lab2/index.php:26
[05-Sep-2017 18:28:10 UTC] PHP Warning:  Missing argument 1 for displaySymbol(), called in /home/ubuntu/workspace/lcraig/labs/lab2/index.php on line 27 and defined in /home/ubuntu/workspace/lcraig/labs/lab2/index.php on line 10
[05-Sep-2017 18:28:10 UTC] PHP Stack trace:
[05-Sep-2017 18:28:10 UTC] PHP   1. {main}() /home/ubuntu/workspace/lcraig/labs/lab2/index.php:0
[05-Sep-2017 18:28:10 UTC] PHP   2. displaySymbol() /home/ubuntu/workspace/lcraig/labs/lab2/index.php:27
[05-Sep-2017 18:28:10 UTC] PHP Warning:  Missing argument 1 for displaySymbol(), called in /home/ubuntu/workspace/lcraig/labs/lab2/index.php on line 28 and defined in /home/ubuntu/workspace/lcraig/labs/lab2/index.php on line 10
[05-Sep-2017 18:28:10 UTC] PHP Stack trace:
[05-Sep-2017 18:28:10 UTC] PHP   1. {main}() /home/ubuntu/workspace/lcraig/labs/lab2/index.php:0
[05-Sep-2017 18:28:10 UTC] PHP   2. displaySymbol() /home/ubuntu/workspace/lcraig/labs/lab2/index.php:28
[05-Sep-2017 18:28:12 UTC] PHP Warning:  Missing argument 1 for displaySymbol(), called in /home/ubuntu/workspace/lcraig/labs/lab2/index.php on line 26 and defined in /home/ubuntu/workspace/lcraig/labs/lab2/index.php on line 10
[05-Sep-2017 18:28:12 UTC] PHP Stack trace:
[05-Sep-2017 18:28:12 UTC] PHP   1. {main}() /home/ubuntu/workspace/lcraig/labs/lab2/index.php:0
[05-Sep-2017 18:28:12 UTC] PHP   2. displaySymbol() /home/ubuntu/workspace/lcraig/labs/lab2/index.php:26
[05-Sep-2017 18:28:12 UTC] PHP Warning:  Missing argument 1 for displaySymbol(), called in /home/ubuntu/workspace/lcraig/labs/lab2/index.php on line 27 and defined in /home/ubuntu/workspace/lcraig/labs/lab2/index.php on line 10
[05-Sep-2017 18:28:12 UTC] PHP Stack trace:
[05-Sep-2017 18:28:12 UTC] PHP   1. {main}() /home/ubuntu/workspace/lcraig/labs/lab2/index.php:0
[05-Sep-2017 18:28:12 UTC] PHP   2. displaySymbol() /home/ubuntu/workspace/lcraig/labs/lab2/index.php:27
[05-Sep-2017 18:28:12 UTC] PHP Warning:  Missing argument 1 for displaySymbol(), called in /home/ubuntu/workspace/lcraig/labs/lab2/index.php on line 28 and defined in /home/ubuntu/workspace/lcraig/labs/lab2/index.php on line 10
[05-Sep-2017 18:28:12 UTC] PHP Stack trace:
[05-Sep-2017 18:28:12 UTC] PHP   1. {main}() /home/ubuntu/workspace/lcraig/labs/lab2/index.php:0
[05-Sep-2017 18:28:12 UTC] PHP   2. displaySymbol() /home/ubuntu/workspace/lcraig/labs/lab2/index.php:28
[05-Sep-2017 18:37:12 UTC] PHP Parse error:  syntax error, unexpected ')', expecting '&' or variable (T_VARIABLE) in /home/ubuntu/workspace/lcraig/labs/lab2/index.php on line 10
[05-Sep-2017 18:39:14 UTC] PHP Parse error:  syntax error, unexpected ')', expecting '&' or variable (T_VARIABLE) in /home/ubuntu/workspace/lcraig/labs/lab2/index.php on line 10
[05-Sep-2017 18:46:21 UTC] PHP Parse error:  syntax error, unexpected 'else' (T_ELSE) in /home/ubuntu/workspace/lcraig/labs/lab2/index.php on line 36
[07-Sep-2017 18:45:24 UTC] PHP Fatal error:  Call to undefined function displauySymbol() in /home/ubuntu/workspace/lcraig/labs/lab2/index.php on line 67
[07-Sep-2017 18:45:24 UTC] PHP Stack trace:
[07-Sep-2017 18:45:24 UTC] PHP   1. {main}() /home/ubuntu/workspace/lcraig/labs/lab2/index.php:0
[10-Sep-2017 00:15:53 UTC] PHP Parse error:  syntax error, unexpected 'sounds' (T_STRING), expecting ',' or ';' in /home/ubuntu/workspace/lcraig/labs/lab2/inc/functions.php on line 32
[10-Sep-2017 00:15:53 UTC] PHP Stack trace:
[10-Sep-2017 00:15:53 UTC] PHP   1. {main}() /home/ubuntu/workspace/lcraig/labs/lab2/index.php:0
[14-Sep-2017 18:03:48 UTC] PHP Fatal error:  Allowed memory size of 134217728 bytes exhausted (tried to allocate 32 bytes) in /home/ubuntu/workspace/lcraig/labs/lab3/index.php on line 4
[14-Sep-2017 18:03:48 UTC] PHP Stack trace:
[14-Sep-2017 18:03:48 UTC] PHP   1. {main}() /home/ubuntu/workspace/lcraig/labs/lab3/index.php:0
[14-Sep-2017 18:04:53 UTC] PHP Fatal error:  Allowed memory size of 134217728 bytes exhausted (tried to allocate 32 bytes) in /home/ubuntu/workspace/lcraig/labs/lab3/index.php on line 4
[14-Sep-2017 18:04:53 UTC] PHP Stack trace:
[14-Sep-2017 18:04:53 UTC] PHP   1. {main}() /home/ubuntu/workspace/lcraig/labs/lab3/index.php:0
[28-Sep-2017 17:53:34 UTC] PHP Warning:  include(api/pixbayAPI.php): failed to open stream: No such file or directory in /home/ubuntu/workspace/lcraig/labs/lab4/index.php on line 6
[28-Sep-2017 17:53:34 UTC] PHP Stack trace:
[28-Sep-2017 17:53:34 UTC] PHP   1. {main}() /home/ubuntu/workspace/lcraig/labs/lab4/index.php:0
[28-Sep-2017 17:53:34 UTC] PHP Warning:  include(): Failed opening 'api/pixbayAPI.php' for inclusion (include_path='.:/usr/share/php:/usr/share/pear') in /home/ubuntu/workspace/lcraig/labs/lab4/index.php on line 6
[28-Sep-2017 17:53:34 UTC] PHP Stack trace:
[28-Sep-2017 17:53:34 UTC] PHP   1. {main}() /home/ubuntu/workspace/lcraig/labs/lab4/index.php:0
[28-Sep-2017 17:53:34 UTC] PHP Fatal error:  Call to undefined function getImageURLs() in /home/ubuntu/workspace/lcraig/labs/lab4/index.php on line 7
[28-Sep-2017 17:53:34 UTC] PHP Stack trace:
[28-Sep-2017 17:53:34 UTC] PHP   1. {main}() /home/ubuntu/workspace/lcraig/labs/lab4/index.php:0
[28-Sep-2017 18:07:17 UTC] PHP Warning:  include(api/pixbayAPI.php): failed to open stream: No such file or directory in /home/ubuntu/workspace/lcraig/labs/lab4/index.php on line 6
[28-Sep-2017 18:07:17 UTC] PHP Stack trace:
[28-Sep-2017 18:07:17 UTC] PHP   1. {main}() /home/ubuntu/workspace/lcraig/labs/lab4/index.php:0
[28-Sep-2017 18:07:17 UTC] PHP Warning:  include(): Failed opening 'api/pixbayAPI.php' for inclusion (include_path='.:/usr/share/php:/usr/share/pear') in /home/ubuntu/workspace/lcraig/labs/lab4/index.php on line 6
[28-Sep-2017 18:07:17 UTC] PHP Stack trace:
[28-Sep-2017 18:07:17 UTC] PHP   1. {main}() /home/ubuntu/workspace/lcraig/labs/lab4/index.php:0
[28-Sep-2017 18:07:17 UTC] PHP Fatal error:  Call to undefined function getImageURLs() in /home/ubuntu/workspace/lcraig/labs/lab4/index.php on line 7
[28-Sep-2017 18:07:17 UTC] PHP Stack trace:
[28-Sep-2017 18:07:17 UTC] PHP   1. {main}() /home/ubuntu/workspace/lcraig/labs/lab4/index.php:0
[01-Oct-2017 23:19:23 UTC] PHP Warning:  Missing argument 2 for getImageURLs(), called in /home/ubuntu/workspace/lcraig/labs/lab4/index.php on line 8 and defined in /home/ubuntu/workspace/lcraig/labs/lab4/api/pixabayAPI.php on line 4
[01-Oct-2017 23:19:23 UTC] PHP Stack trace:
[01-Oct-2017 23:19:23 UTC] PHP   1. {main}() /home/ubuntu/workspace/lcraig/labs/lab4/index.php:0
[01-Oct-2017 23:19:23 UTC] PHP   2. getImageURLs() /home/ubuntu/workspace/lcraig/labs/lab4/index.php:8
[01-Oct-2017 23:21:01 UTC] PHP Fatal error:  Maximum execution time of 300 seconds exceeded in /home/ubuntu/workspace/lcraig/labs/lab4/index.php on line 57
[01-Oct-2017 23:21:01 UTC] PHP Stack trace:
[01-Oct-2017 23:21:01 UTC] PHP   1. {main}() /home/ubuntu/workspace/lcraig/labs/lab4/index.php:0
[02-Oct-2017 00:30:13 UTC] PHP Fatal error:  Maximum execution time of 300 seconds exceeded in /home/ubuntu/workspace/lcraig/labs/lab4/index.php on line 63
[02-Oct-2017 00:30:13 UTC] PHP Stack trace:
[02-Oct-2017 00:30:13 UTC] PHP   1. {main}() /home/ubuntu/workspace/lcraig/labs/lab4/index.php:0
[02-Oct-2017 01:00:37 UTC] PHP Parse error:  syntax error, unexpected '}' in /home/ubuntu/workspace/lcraig/labs/lab4/index.php on line 90
[02-Oct-2017 01:02:32 UTC] PHP Fatal error:  Maximum execution time of 300 seconds exceeded in /home/ubuntu/workspace/lcraig/labs/lab4/index.php on line 76
[02-Oct-2017 01:02:32 UTC] PHP Stack trace:
[02-Oct-2017 01:02:32 UTC] PHP   1. {main}() /home/ubuntu/workspace/lcraig/labs/lab4/index.php:0
[12-Oct-2017 18:32:31 UTC] PHP Fatal error:  Call to a member function prepare() on a non-object in /home/ubuntu/workspace/lcraig/labs/lab5/index.php on line 20
[12-Oct-2017 18:32:31 UTC] PHP Stack trace:
[12-Oct-2017 18:32:31 UTC] PHP   1. {main}() /home/ubuntu/workspace/lcraig/labs/lab5/index.php:0
[12-Oct-2017 18:32:31 UTC] PHP   2. getRandomQuotes() /home/ubuntu/workspace/lcraig/labs/lab5/index.php:53
[12-Oct-2017 18:34:16 UTC] PHP Fatal error:  Call to a member function prepare() on a non-object in /home/ubuntu/workspace/lcraig/labs/lab5/index.php on line 20
[12-Oct-2017 18:34:16 UTC] PHP Stack trace:
[12-Oct-2017 18:34:16 UTC] PHP   1. {main}() /home/ubuntu/workspace/lcraig/labs/lab5/index.php:0
[12-Oct-2017 18:34:16 UTC] PHP   2. getRandomQuotes() /home/ubuntu/workspace/lcraig/labs/lab5/index.php:53
[12-Oct-2017 18:34:28 UTC] PHP Fatal error:  Call to a member function prepare() on a non-object in /home/ubuntu/workspace/lcraig/labs/lab5/index.php on line 20
[12-Oct-2017 18:34:28 UTC] PHP Stack trace:
[12-Oct-2017 18:34:28 UTC] PHP   1. {main}() /home/ubuntu/workspace/lcraig/labs/lab5/index.php:0
[12-Oct-2017 18:34:28 UTC] PHP   2. getRandomQuotes() /home/ubuntu/workspace/lcraig/labs/lab5/index.php:53
[12-Oct-2017 18:37:43 UTC] PHP Fatal error:  Call to a member function prepare() on a non-object in /home/ubuntu/workspace/lcraig/labs/lab5/index.php on line 20
[12-Oct-2017 18:37:43 UTC] PHP Stack trace:
[12-Oct-2017 18:37:43 UTC] PHP   1. {main}() /home/ubuntu/workspace/lcraig/labs/lab5/index.php:0
[12-Oct-2017 18:37:43 UTC] PHP   2. getRandomQuotes() /home/ubuntu/workspace/lcraig/labs/lab5/index.php:53
[12-Oct-2017 18:38:24 UTC] PHP Fatal error:  Call to a member function prepare() on a non-object in /home/ubuntu/workspace/lcraig/labs/lab5/index.php on line 20
[12-Oct-2017 18:38:24 UTC] PHP Stack trace:
[12-Oct-2017 18:38:24 UTC] PHP   1. {main}() /home/ubuntu/workspace/lcraig/labs/lab5/index.php:0
[12-Oct-2017 18:38:24 UTC] PHP   2. getRandomQuotes() /home/ubuntu/workspace/lcraig/labs/lab5/index.php:53
[12-Oct-2017 18:40:40 UTC] PHP Fatal error:  Call to a member function prepare() on a non-object in /home/ubuntu/workspace/lcraig/labs/lab5/index.php on line 20
[12-Oct-2017 18:40:40 UTC] PHP Stack trace:
[12-Oct-2017 18:40:40 UTC] PHP   1. {main}() /home/ubuntu/workspace/lcraig/labs/lab5/index.php:0
[12-Oct-2017 18:40:40 UTC] PHP   2. getRandomQuotes() /home/ubuntu/workspace/lcraig/labs/lab5/index.php:53
[12-Oct-2017 18:41:32 UTC] PHP Fatal error:  Call to a member function prepare() on a non-object in /home/ubuntu/workspace/lcraig/labs/lab5/index.php on line 20
[12-Oct-2017 18:41:32 UTC] PHP Stack trace:
[12-Oct-2017 18:41:32 UTC] PHP   1. {main}() /home/ubuntu/workspace/lcraig/labs/lab5/index.php:0
[12-Oct-2017 18:41:32 UTC] PHP   2. getRandomQuotes() /home/ubuntu/workspace/lcraig/labs/lab5/index.php:53
[12-Oct-2017 18:41:34 UTC] PHP Fatal error:  Call to a member function prepare() on a non-object in /home/ubuntu/workspace/lcraig/labs/lab5/index.php on line 20
[12-Oct-2017 18:41:34 UTC] PHP Stack trace:
[12-Oct-2017 18:41:34 UTC] PHP   1. {main}() /home/ubuntu/workspace/lcraig/labs/lab5/index.php:0
[12-Oct-2017 18:41:34 UTC] PHP   2. getRandomQuotes() /home/ubuntu/workspace/lcraig/labs/lab5/index.php:53
[15-Oct-2017 20:14:36 UTC] PHP Fatal error:  Call to a member function prepare() on a non-object in /home/ubuntu/workspace/lcraig/labs/lab5/getAuthorInfo.php on line 7
[15-Oct-2017 20:14:36 UTC] PHP Stack trace:
[15-Oct-2017 20:14:36 UTC] PHP   1. {main}() /home/ubuntu/workspace/lcraig/labs/lab5/getAuthorInfo.php:0
[15-Oct-2017 20:16:43 UTC] PHP Warning:  include(../../../dbConnection.php): failed to open stream: No such file or directory in /home/ubuntu/workspace/lcraig/labs/lab5/index.php on line 3
[15-Oct-2017 20:16:43 UTC] PHP Stack trace:
[15-Oct-2017 20:16:43 UTC] PHP   1. {main}() /home/ubuntu/workspace/lcraig/labs/lab5/index.php:0
[15-Oct-2017 20:16:43 UTC] PHP Warning:  include(): Failed opening '../../../dbConnection.php' for inclusion (include_path='.:/usr/share/php:/usr/share/pear') in /home/ubuntu/workspace/lcraig/labs/lab5/index.php on line 3
[15-Oct-2017 20:16:43 UTC] PHP Stack trace:
[15-Oct-2017 20:16:43 UTC] PHP   1. {main}() /home/ubuntu/workspace/lcraig/labs/lab5/index.php:0
[15-Oct-2017 20:16:43 UTC] PHP Fatal error:  Call to undefined function getDatabaseConnection() in /home/ubuntu/workspace/lcraig/labs/lab5/index.php on line 4
[15-Oct-2017 20:16:43 UTC] PHP Stack trace:
[15-Oct-2017 20:16:43 UTC] PHP   1. {main}() /home/ubuntu/workspace/lcraig/labs/lab5/index.php:0
[15-Oct-2017 20:16:50 UTC] PHP Warning:  include(../../../dbConnection.php): failed to open stream: No such file or directory in /home/ubuntu/workspace/lcraig/labs/lab5/index.php on line 3
[15-Oct-2017 20:16:50 UTC] PHP Stack trace:
[15-Oct-2017 20:16:50 UTC] PHP   1. {main}() /home/ubuntu/workspace/lcraig/labs/lab5/index.php:0
[15-Oct-2017 20:16:50 UTC] PHP Warning:  include(): Failed opening '../../../dbConnection.php' for inclusion (include_path='.:/usr/share/php:/usr/share/pear') in /home/ubuntu/workspace/lcraig/labs/lab5/index.php on line 3
[15-Oct-2017 20:16:50 UTC] PHP Stack trace:
[15-Oct-2017 20:16:50 UTC] PHP   1. {main}() /home/ubuntu/workspace/lcraig/labs/lab5/index.php:0
[15-Oct-2017 20:16:50 UTC] PHP Fatal error:  Call to undefined function getDatabaseConnection() in /home/ubuntu/workspace/lcraig/labs/lab5/index.php on line 4
[15-Oct-2017 20:16:50 UTC] PHP Stack trace:
[15-Oct-2017 20:16:50 UTC] PHP   1. {main}() /home/ubuntu/workspace/lcraig/labs/lab5/index.php:0
[15-Oct-2017 20:17:19 UTC] PHP Fatal error:  Call to a member function prepare() on a non-object in /home/ubuntu/workspace/lcraig/labs/lab5/getAuthorInfo.php on line 7
[15-Oct-2017 20:17:19 UTC] PHP Stack trace:
[15-Oct-2017 20:17:19 UTC] PHP   1. {main}() /home/ubuntu/workspace/lcraig/labs/lab5/getAuthorInfo.php:0
[15-Oct-2017 20:27:39 UTC] PHP Fatal error:  Call to a member function prepare() on a non-object in /home/ubuntu/workspace/lcraig/labs/lab5/getAuthorInfo.php on line 7
[15-Oct-2017 20:27:39 UTC] PHP Stack trace:
[15-Oct-2017 20:27:39 UTC] PHP   1. {main}() /home/ubuntu/workspace/lcraig/labs/lab5/getAuthorInfo.php:0
[15-Oct-2017 20:29:19 UTC] PHP Fatal error:  Uncaught exception 'PDOException' with message 'SQLSTATE[42000]: Syntax error or access violation: 1064 You have an error in your SQL syntax; check the manual that corresponds to your MySQL server version for the right syntax to use near ''q_author WHERE authorId=Array[' at line 1' in /home/ubuntu/workspace/lcraig/labs/lab5/getAuthorInfo.php:8
Stack trace:
#0 /home/ubuntu/workspace/lcraig/labs/lab5/getAuthorInfo.php(8): PDOStatement->execute()
#1 {main}
  thrown in /home/ubuntu/workspace/lcraig/labs/lab5/getAuthorInfo.php on line 8
[15-Oct-2017 20:31:54 UTC] PHP Fatal error:  Uncaught exception 'PDOException' with message 'SQLSTATE[42000]: Syntax error or access violation: 1064 You have an error in your SQL syntax; check the manual that corresponds to your MySQL server version for the right syntax to use near ''q_author' WHERE authorId=Array[' at line 1' in /home/ubuntu/workspace/lcraig/labs/lab5/getAuthorInfo.php:8
Stack trace:
#0 /home/ubuntu/workspace/lcraig/labs/lab5/getAuthorInfo.php(8): PDOStatement->execute()
#1 {main}
  thrown in /home/ubuntu/workspace/lcraig/labs/lab5/getAuthorInfo.php on line 8
[15-Oct-2017 20:33:07 UTC] PHP Fatal error:  Uncaught exception 'PDOException' with message 'SQLSTATE[42000]: Syntax error or access violation: 1064 You have an error in your SQL syntax; check the manual that corresponds to your MySQL server version for the right syntax to use near '[' at line 1' in /home/ubuntu/workspace/lcraig/labs/lab5/getAuthorInfo.php:8
Stack trace:
#0 /home/ubuntu/workspace/lcraig/labs/lab5/getAuthorInfo.php(8): PDOStatement->execute()
#1 {main}
  thrown in /home/ubuntu/workspace/lcraig/labs/lab5/getAuthorInfo.php on line 8
[15-Oct-2017 20:33:40 UTC] PHP Fatal error:  Uncaught exception 'PDOException' with message 'SQLSTATE[42000]: Syntax error or access violation: 1064 You have an error in your SQL syntax; check the manual that corresponds to your MySQL server version for the right syntax to use near '[' at line 1' in /home/ubuntu/workspace/lcraig/labs/lab5/getAuthorInfo.php:8
Stack trace:
#0 /home/ubuntu/workspace/lcraig/labs/lab5/getAuthorInfo.php(8): PDOStatement->execute()
#1 {main}
  thrown in /home/ubuntu/workspace/lcraig/labs/lab5/getAuthorInfo.php on line 8
[15-Oct-2017 20:35:15 UTC] PHP Fatal error:  Uncaught exception 'PDOException' with message 'SQLSTATE[42000]: Syntax error or access violation: 1064 You have an error in your SQL syntax; check the manual that corresponds to your MySQL server version for the right syntax to use near '[' at line 1' in /home/ubuntu/workspace/lcraig/labs/lab5/getAuthorInfo.php:8
Stack trace:
#0 /home/ubuntu/workspace/lcraig/labs/lab5/getAuthorInfo.php(8): PDOStatement->execute()
#1 {main}
  thrown in /home/ubuntu/workspace/lcraig/labs/lab5/getAuthorInfo.php on line 8
[15-Oct-2017 20:37:47 UTC] PHP Fatal error:  Uncaught exception 'PDOException' with message 'SQLSTATE[42000]: Syntax error or access violation: 1064 You have an error in your SQL syntax; check the manual that corresponds to your MySQL server version for the right syntax to use near '[' at line 1' in /home/ubuntu/workspace/lcraig/labs/lab5/getAuthorInfo.php:8
Stack trace:
#0 /home/ubuntu/workspace/lcraig/labs/lab5/getAuthorInfo.php(8): PDOStatement->execute()
#1 {main}
  thrown in /home/ubuntu/workspace/lcraig/labs/lab5/getAuthorInfo.php on line 8
[15-Oct-2017 20:38:42 UTC] PHP Fatal error:  Uncaught exception 'PDOException' with message 'SQLSTATE[42000]: Syntax error or access violation: 1064 You have an error in your SQL syntax; check the manual that corresponds to your MySQL server version for the right syntax to use near '[' at line 1' in /home/ubuntu/workspace/lcraig/labs/lab5/getAuthorInfo.php:8
Stack trace:
#0 /home/ubuntu/workspace/lcraig/labs/lab5/getAuthorInfo.php(8): PDOStatement->execute()
#1 {main}
  thrown in /home/ubuntu/workspace/lcraig/labs/lab5/getAuthorInfo.php on line 8
